{"G:\\learnnodejs\\lesson6\\main.js":{"path":"G:\\learnnodejs\\lesson6\\main.js","s":{"1":1,"2":180,"3":1,"4":179,"5":35,"6":144,"7":56,"8":88,"9":1,"10":0,"11":0,"12":1},"b":{"1":[1,179],"2":[35,144],"3":[56,88],"4":[0,1]},"f":{"1":180},"fnMap":{"1":{"name":"fibonacci","line":5,"loc":{"start":{"line":5,"column":0},"end":{"line":5,"column":21}}}},"statementMap":{"1":{"start":{"line":5,"column":0},"end":{"line":16,"column":1}},"2":{"start":{"line":6,"column":4},"end":{"line":8,"column":5}},"3":{"start":{"line":7,"column":8},"end":{"line":7,"column":41}},"4":{"start":{"line":9,"column":4},"end":{"line":11,"column":5}},"5":{"start":{"line":10,"column":8},"end":{"line":10,"column":17}},"6":{"start":{"line":12,"column":4},"end":{"line":14,"column":5}},"7":{"start":{"line":13,"column":8},"end":{"line":13,"column":17}},"8":{"start":{"line":15,"column":4},"end":{"line":15,"column":41}},"9":{"start":{"line":17,"column":0},"end":{"line":20,"column":1}},"10":{"start":{"line":18,"column":4},"end":{"line":18,"column":36}},"11":{"start":{"line":19,"column":4},"end":{"line":19,"column":50}},"12":{"start":{"line":21,"column":0},"end":{"line":21,"column":28}}},"branchMap":{"1":{"line":6,"type":"if","locations":[{"start":{"line":6,"column":4},"end":{"line":6,"column":4}},{"start":{"line":6,"column":4},"end":{"line":6,"column":4}}]},"2":{"line":9,"type":"if","locations":[{"start":{"line":9,"column":4},"end":{"line":9,"column":4}},{"start":{"line":9,"column":4},"end":{"line":9,"column":4}}]},"3":{"line":12,"type":"if","locations":[{"start":{"line":12,"column":4},"end":{"line":12,"column":4}},{"start":{"line":12,"column":4},"end":{"line":12,"column":4}}]},"4":{"line":17,"type":"if","locations":[{"start":{"line":17,"column":0},"end":{"line":17,"column":0}},{"start":{"line":17,"column":0},"end":{"line":17,"column":0}}]}}}}